[debug] [2023-06-25T16:32:08.036Z] ----------------------------------------------------------------------
[debug] [2023-06-25T16:32:08.038Z] Command:       /usr/local/nodejs/bin/node /usr/local/nodejs/bin/firebase init
[debug] [2023-06-25T16:32:08.038Z] CLI Version:   12.4.0
[debug] [2023-06-25T16:32:08.039Z] Platform:      linux
[debug] [2023-06-25T16:32:08.039Z] Node Version:  v16.13.1
[debug] [2023-06-25T16:32:08.039Z] Time:          Sun Jun 25 2023 22:02:08 GMT+0530 (India Standard Time)
[debug] [2023-06-25T16:32:08.039Z] ----------------------------------------------------------------------
[debug] 
[debug] [2023-06-25T16:32:08.047Z] > command requires scopes: ["email","openid","https://www.googleapis.com/auth/cloudplatformprojects.readonly","https://www.googleapis.com/auth/firebase","https://www.googleapis.com/auth/cloud-platform"]
[debug] [2023-06-25T16:32:08.048Z] > authorizing via signed-in user (vkesherwani000@gmail.com)
[info] 
     ######## #### ########  ######## ########     ###     ######  ########
     ##        ##  ##     ## ##       ##     ##  ##   ##  ##       ##
     ######    ##  ########  ######   ########  #########  ######  ######
     ##        ##  ##    ##  ##       ##     ## ##     ##       ## ##
     ##       #### ##     ## ######## ########  ##     ##  ######  ########

You're about to initialize a Firebase project in this directory:

  /media/vinayak1506/New Volume1/ScanEL/Client

Before we get started, keep in mind:

  * You are currently outside your home directory

[info] 
=== Project Setup
[info] 
[info] First, let's associate this project directory with a Firebase project.
[info] You can create multiple project aliases by running firebase use --add, 
[info] but for now we'll just set up a default project.
[info] 
[debug] [2023-06-25T16:49:20.459Z] Error: write EIO
    at afterWriteDispatched (node:internal/stream_base_commons:164:15)
    at writeGeneric (node:internal/stream_base_commons:155:3)
    at WriteStream.Socket._writeGeneric (node:net:795:11)
    at WriteStream.Socket._write (node:net:807:8)
    at writeOrBuffer (node:internal/streams/writable:389:12)
    at _write (node:internal/streams/writable:330:10)
    at WriteStream.Writable.write (node:internal/streams/writable:334:10)
    at MuteStream.ondata (node:internal/streams/legacy:20:31)
    at MuteStream.emit (node:events:390:28)
    at MuteStream.emit (node:domain:475:12)
[error] 
[error] Error: An unexpected error has occurred.
